<?xml version="1.0" encoding="UTF-8"?>
<!-- Generated by org.testng.reporters.JUnitXMLReporter -->
<testsuite ignored="0" hostname="DESKTOP-TPV1RH8" failures="0" tests="1" name="Test" time="3.822" errors="0" timestamp="2026-05-24T05:00:45 IST">
  <testcase classname="base.BaseClass" name="@BeforeMethod setUp" time="3.745">
    <failure type="java.lang.RuntimeException" message="driver initialisation failed">
      <![CDATA[java.lang.RuntimeException: driver initialisation failed
at base.DriverFactory.initDriver(DriverFactory.java:93)
at base.BaseClass.setUp(BaseClass.java:14)
at java.base/java.util.ArrayList.forEach(ArrayList.java:1604)
Caused by: org.openqa.selenium.SessionNotCreatedException: Could not start a new session. Possible causes are invalid address of the remote server or browser start-up failure. null 
Host info: host: 'DESKTOP-TPV1RH8', ip: '10.5.0.2'
Build info: version: '4.43.0', revision: 'dd0f534'
System info: os.name: 'Windows 11', os.arch: 'amd64', os.version: '10.0', java.version: '25.0.2'
Driver info: org.openqa.selenium.remote.RemoteWebDriver
Command: [null, newSession {capabilities=[Capabilities {browserName: chrome, goog:chromeOptions: {args: [], extensions: []}}]}]
Capabilities {browserName: chrome, goog:chromeOptions: {args: [], extensions: []}}
at org.openqa.selenium.remote.RemoteWebDriver.execute(RemoteWebDriver.java:627)
at org.openqa.selenium.remote.RemoteWebDriver.startSession(RemoteWebDriver.java:290)
at org.openqa.selenium.remote.RemoteWebDriver.<init>(RemoteWebDriver.java:213)
at org.openqa.selenium.remote.RemoteWebDriver.<init>(RemoteWebDriver.java:173)
at org.openqa.selenium.remote.RemoteWebDriver.<init>(RemoteWebDriver.java:169)
at base.DriverFactory.initDriver(DriverFactory.java:64)
... 35 more
Caused by: org.openqa.selenium.remote.http.jdk.ConnectionException: Connection error (POST http://selenium-hub:4444/wd/hub/session)
at org.openqa.selenium.remote.http.jdk.JdkHttpClient.execute0(JdkHttpClient.java:488)
at org.openqa.selenium.remote.http.AddSeleniumUserAgent.lambda$apply$0(AddSeleniumUserAgent.java:44)
at org.openqa.selenium.remote.http.Filter.lambda$andFinally$0(Filter.java:55)
at org.openqa.selenium.remote.http.jdk.JdkHttpClient.lambda$executeAsync$0(JdkHttpClient.java:389)
at java.base/java.util.concurrent.Executors$RunnableAdapter.call(Executors.java:545)
at java.base/java.util.concurrent.FutureTask.run(FutureTask.java:328)
at java.base/java.util.concurrent.ThreadPoolExecutor.runWorker(ThreadPoolExecutor.java:1090)
at java.base/java.util.concurrent.ThreadPoolExecutor$Worker.run(ThreadPoolExecutor.java:614)
at java.base/java.lang.Thread.run(Thread.java:1474)
Caused by: java.net.ConnectException
at java.net.http/jdk.internal.net.http.HttpClientImpl.send(HttpClientImpl.java:923)
at java.net.http/jdk.internal.net.http.HttpClientFacade.send(HttpClientFacade.java:133)
at org.openqa.selenium.remote.http.jdk.JdkHttpClient.execute0(JdkHttpClient.java:463)
... 8 more
Caused by: java.net.ConnectException
at java.net.http/jdk.internal.net.http.common.Utils.toConnectException(Utils.java:1070)
at java.net.http/jdk.internal.net.http.PlainHttpConnection.connectAsync(PlainHttpConnection.java:223)
at java.net.http/jdk.internal.net.http.Http1Exchange.sendHeadersAsync(Http1Exchange.java:313)
at java.net.http/jdk.internal.net.http.Exchange.lambda$responseAsyncImpl$0(Exchange.java:570)
at java.net.http/jdk.internal.net.http.Exchange.checkFor407(Exchange.java:419)
at java.net.http/jdk.internal.net.http.Exchange.lambda$responseAsyncImpl$2(Exchange.java:574)
at java.base/java.util.concurrent.CompletableFuture.uniHandle(CompletableFuture.java:955)
at java.base/java.util.concurrent.CompletableFuture.uniHandleStage(CompletableFuture.java:971)
at java.base/java.util.concurrent.CompletableFuture.handle(CompletableFuture.java:2399)
at java.net.http/jdk.internal.net.http.Exchange.responseAsyncImpl(Exchange.java:574)
at java.net.http/jdk.internal.net.http.Exchange.responseAsync(Exchange.java:396)
at java.net.http/jdk.internal.net.http.MultiExchange.responseAsyncImpl(MultiExchange.java:438)
at java.net.http/jdk.internal.net.http.MultiExchange.lambda$responseAsyncImpl$2(MultiExchange.java:482)
at java.base/java.util.concurrent.CompletableFuture.uniHandle(CompletableFuture.java:955)
at java.base/java.util.concurrent.CompletableFuture.uniHandleStage(CompletableFuture.java:971)
at java.base/java.util.concurrent.CompletableFuture.handle(CompletableFuture.java:2399)
at java.net.http/jdk.internal.net.http.MultiExchange.responseAsyncImpl(MultiExchange.java:472)
at java.net.http/jdk.internal.net.http.MultiExchange.lambda$responseAsync0$0(MultiExchange.java:358)
at java.base/java.util.concurrent.CompletableFuture$UniCompose.tryFire(CompletableFuture.java:1171)
at java.base/java.util.concurrent.CompletableFuture.postComplete(CompletableFuture.java:531)
at java.base/java.util.concurrent.CompletableFuture$AsyncSupply.run(CompletableFuture.java:1794)
at java.net.http/jdk.internal.net.http.HttpClientImpl$DelegatingExecutor.execute(HttpClientImpl.java:168)
at java.base/java.util.concurrent.CompletableFuture.completeAsync(CompletableFuture.java:2761)
at java.net.http/jdk.internal.net.http.MultiExchange.responseAsync(MultiExchange.java:311)
at java.net.http/jdk.internal.net.http.HttpClientImpl.sendAsync(HttpClientImpl.java:1015)
at java.net.http/jdk.internal.net.http.HttpClientImpl.send(HttpClientImpl.java:901)
... 10 more
Caused by: java.nio.channels.UnresolvedAddressException
at java.base/sun.nio.ch.Net.checkAddress(Net.java:144)
at java.base/sun.nio.ch.Net.checkAddress(Net.java:152)
at java.base/sun.nio.ch.SocketChannelImpl.checkRemote(SocketChannelImpl.java:918)
at java.base/sun.nio.ch.SocketChannelImpl.connect(SocketChannelImpl.java:936)
at java.net.http/jdk.internal.net.http.PlainHttpConnection.connectAsync(PlainHttpConnection.java:211)
... 34 more
... Removed 33 stack frames]]>
    </failure>
  </testcase> <!-- @BeforeMethod setUp -->
  <testcase classname="base.BaseClass" name="@AfterMethod tearDown" time="0.0">
    <skipped/>
  </testcase> <!-- @AfterMethod tearDown -->
  <testcase classname="tests.TestSearch" name="loginTest" time="0.0">
    <skipped/>
  </testcase> <!-- loginTest -->
</testsuite> <!-- Test -->
