<?xml version="1.0" encoding="UTF-8"?>
<testsuite xmlns:xsi="http://www.w3.org/2001/XMLSchema-instance" xsi:noNamespaceSchemaLocation="https://maven.apache.org/surefire/maven-surefire-plugin/xsd/surefire-test-report.xsd" version="3.0.1" name="TestSuite" time="7.999" tests="1" errors="0" skipped="0" failures="0">
  <properties>
[...]
</properties>
  <testcase name="loginTest" classname="tests.TestSearch" time="0.479">
    <system-out><![CDATA[13:34:51 [main] INFO  base.DriverFactory - Initializing driver
Running on browser: chrome
STARTING TEST: loginTest
13:34:57 [main] INFO  pageobjects.BasePage - clearing element: [[ChromeDriver: chrome on windows (2a0e063e5f17756eddc11b6e8473e41b)] -> id: APjFqb]
13:34:57 [main] INFO  pageobjects.BasePage - writing text: [[ChromeDriver: chrome on windows (2a0e063e5f17756eddc11b6e8473e41b)] -> id: APjFqb]
13:34:57 [main] INFO  pageobjects.BasePage - Clicking element: [[ChromeDriver: chrome on windows (2a0e063e5f17756eddc11b6e8473e41b)] -> name: btnK]
Test Passed: loginTest
]]></system-out>
    <system-err><![CDATA[SLF4J(W): No SLF4J providers were found.
SLF4J(W): Defaulting to no-operation (NOP) logger implementation
SLF4J(W): See https://www.slf4j.org/codes.html#noProviders for further details.
May 25, 2026 1:34:55 PM org.openqa.selenium.devtools.CdpVersionFinder findNearestMatch
WARNING: Unable to find an exact match for CDP version 148, returning the closest version; found: 147; Please update to a Selenium version that supports CDP version 148
]]></system-err>
  </testcase>
</testsuite>