<?xml version="1.0" encoding="UTF-8"?>
<testng-results ignored="0" total="1" passed="1" failed="0" skipped="0">
  <reporter-output>
  </reporter-output>
  <suite started-at="2026-05-25T13:34:50 IST" name="Suite" finished-at="2026-05-25T13:34:57 IST" duration-ms="7284">
    <groups>
    </groups>
    <test started-at="2026-05-25T13:34:50 IST" name="Test" finished-at="2026-05-25T13:34:57 IST" duration-ms="7284">
      <class name="tests.TestSearch">
        <test-method is-config="true" signature="setUp()[pri:0, instance:tests.TestSearch@12aba8be]" started-at="2026-05-25T13:34:50 IST" name="setUp" finished-at="2026-05-25T13:34:57 IST" duration-ms="6635" status="PASS">
          <reporter-output>
          </reporter-output>
        </test-method> <!-- setUp -->
        <test-method signature="loginTest()[pri:0, instance:tests.TestSearch@12aba8be]" started-at="2026-05-25T13:34:57 IST" name="loginTest" finished-at="2026-05-25T13:34:57 IST" duration-ms="475" status="PASS">
          <reporter-output>
          </reporter-output>
        </test-method> <!-- loginTest -->
        <test-method is-config="true" signature="tearDown()[pri:0, instance:tests.TestSearch@12aba8be]" started-at="2026-05-25T13:34:57 IST" name="tearDown" finished-at="2026-05-25T13:34:57 IST" duration-ms="135" status="PASS">
          <reporter-output>
          </reporter-output>
        </test-method> <!-- tearDown -->
      </class> <!-- tests.TestSearch -->
    </test> <!-- Test -->
  </suite> <!-- Suite -->
</testng-results>
