<?xml version="1.0" encoding="UTF-8"?>
<testng-results ignored="0" total="1" passed="1" failed="0" skipped="0">
  <reporter-output>
  </reporter-output>
  <suite started-at="2026-05-09T14:57:42 IST" name="Suite" finished-at="2026-05-09T14:57:52 IST" duration-ms="10347">
    <groups>
    </groups>
    <test started-at="2026-05-09T14:57:42 IST" name="Test" finished-at="2026-05-09T14:57:52 IST" duration-ms="10347">
      <class name="tests.TestSearch">
        <test-method is-config="true" signature="setUp()[pri:0, instance:tests.TestSearch@12aba8be]" started-at="2026-05-09T14:57:42 IST" name="setUp" finished-at="2026-05-09T14:57:50 IST" duration-ms="8547" status="PASS">
          <reporter-output>
          </reporter-output>
        </test-method> <!-- setUp -->
        <test-method signature="loginTest()[pri:0, instance:tests.TestSearch@12aba8be]" started-at="2026-05-09T14:57:50 IST" name="loginTest" finished-at="2026-05-09T14:57:52 IST" duration-ms="1579" status="PASS">
          <reporter-output>
          </reporter-output>
        </test-method> <!-- loginTest -->
        <test-method is-config="true" signature="tearDown()[pri:0, instance:tests.TestSearch@12aba8be]" started-at="2026-05-09T14:57:52 IST" name="tearDown" finished-at="2026-05-09T14:57:52 IST" duration-ms="182" status="PASS">
          <reporter-output>
          </reporter-output>
        </test-method> <!-- tearDown -->
      </class> <!-- tests.TestSearch -->
    </test> <!-- Test -->
  </suite> <!-- Suite -->
</testng-results>
