<?xml version="1.0" encoding="UTF-8"?>
<testng-results ignored="0" total="1" passed="1" failed="0" skipped="0">
  <reporter-output>
  </reporter-output>
  <suite started-at="2026-05-06T12:49:58 IST" name="Suite" finished-at="2026-05-06T12:50:02 IST" duration-ms="3804">
    <groups>
    </groups>
    <test started-at="2026-05-06T12:49:58 IST" name="Test" finished-at="2026-05-06T12:50:02 IST" duration-ms="3804">
      <class name="tests.TestSearch">
        <test-method is-config="true" signature="setUp()[pri:0, instance:tests.TestSearch@3b35a229]" started-at="2026-05-06T12:49:58 IST" name="setUp" finished-at="2026-05-06T12:50:01 IST" duration-ms="2866" status="PASS">
          <reporter-output>
          </reporter-output>
        </test-method> <!-- setUp -->
        <test-method signature="loginTest()[pri:0, instance:tests.TestSearch@3b35a229]" started-at="2026-05-06T12:50:01 IST" name="loginTest" finished-at="2026-05-06T12:50:02 IST" duration-ms="644" status="PASS">
          <reporter-output>
          </reporter-output>
        </test-method> <!-- loginTest -->
        <test-method is-config="true" signature="tearDown()[pri:0, instance:tests.TestSearch@3b35a229]" started-at="2026-05-06T12:50:02 IST" name="tearDown" finished-at="2026-05-06T12:50:02 IST" duration-ms="237" status="PASS">
          <reporter-output>
          </reporter-output>
        </test-method> <!-- tearDown -->
      </class> <!-- tests.TestSearch -->
    </test> <!-- Test -->
  </suite> <!-- Suite -->
</testng-results>
